<?xml version="1.0" encoding="UTF-8"?>
<testsuites>
  <testsuite name="Test that the button is clickable once the Ajax loader completes loading" timestamp="2021-05-30T23:34:13" time="21.313" tests="1" failures="1" errors="1" skipped="0">
    <properties>
      <property name="specId" value="0"/>
      <property name="suiteName" value="Test that the button is clickable once the Ajax loader completes loading"/>
      <property name="capabilities" value="firefox.88_0.windows"/>
      <property name="file" value=".\test\specs\ajaxClickTest.js"/>
    </properties>
    <testcase classname="firefox.88_0.windows.Test that the button is clickable once the Ajax loader completes loading" name="Attempt to click the button after 7 seconds" time="21.31">
      <failure/>
      <error message="Timeout of 20000ms exceeded. The execution in the test &quot;Test that the button is clickable once the Ajax loader completes loading Attempt to click the button after 7 seconds&quot; took too long. Try to reduce the run time or increase your timeout for test specs (https://webdriver.io/docs/timeouts.html). (C:\Users\ASUS\Documents\VS Code\WebDriverIO\test\specs\ajaxClickTest.js)"/>
      <system-out><![CDATA[
COMMAND: POST /session/2fd4b908-6566-4345-9524-9121a7fe18c1/url - {"url":"http://www.webdriveruniversity.com/Ajax-Loader/index.html"}
RESULT: {"url":"http://www.webdriveruniversity.com/Ajax-Loader/index.html"}
COMMAND: POST /session/2fd4b908-6566-4345-9524-9121a7fe18c1/element - {"using":"css selector","value":"#button1555"}
RESULT: {"using":"css selector","value":"#button1555"}
COMMAND: POST /session/2fd4b908-6566-4345-9524-9121a7fe18c1/element - {"using":"css selector","value":"#button1555"}
RESULT: {"using":"css selector","value":"#button1555"}
COMMAND: POST /session/2fd4b908-6566-4345-9524-9121a7fe18c1/element - {"using":"css selector","value":"#button1555"}
RESULT: {"using":"css selector","value":"#button1555"}
COMMAND: POST /session/2fd4b908-6566-4345-9524-9121a7fe18c1/element - {"using":"css selector","value":"#button1555"}
RESULT: {"using":"css selector","value":"#button1555"}
COMMAND: POST /session/2fd4b908-6566-4345-9524-9121a7fe18c1/element - {"using":"css selector","value":"#button1555"}
RESULT: {"using":"css selector","value":"#button1555"}
COMMAND: POST /session/2fd4b908-6566-4345-9524-9121a7fe18c1/element - {"using":"css selector","value":"#button1555"}
RESULT: {"using":"css selector","value":"#button1555"}
COMMAND: POST /session/2fd4b908-6566-4345-9524-9121a7fe18c1/element - {"using":"css selector","value":"#button1555"}
RESULT: {"using":"css selector","value":"#button1555"}
COMMAND: POST /session/2fd4b908-6566-4345-9524-9121a7fe18c1/element - {"using":"css selector","value":"#button1555"}
RESULT: {"using":"css selector","value":"#button1555"}
COMMAND: POST /session/2fd4b908-6566-4345-9524-9121a7fe18c1/element - {"using":"css selector","value":"#button1555"}
RESULT: {"using":"css selector","value":"#button1555"}
COMMAND: POST /session/2fd4b908-6566-4345-9524-9121a7fe18c1/element - {"using":"css selector","value":"#button1555"}
RESULT: {"using":"css selector","value":"#button1555"}
COMMAND: POST /session/2fd4b908-6566-4345-9524-9121a7fe18c1/element - {"using":"css selector","value":"#button1555"}
RESULT: {"using":"css selector","value":"#button1555"}
COMMAND: POST /session/2fd4b908-6566-4345-9524-9121a7fe18c1/element - {"using":"css selector","value":"#button1555"}
RESULT: {"using":"css selector","value":"#button1555"}
COMMAND: POST /session/2fd4b908-6566-4345-9524-9121a7fe18c1/element - {"using":"css selector","value":"#button1555"}
RESULT: {"using":"css selector","value":"#button1555"}
COMMAND: POST /session/2fd4b908-6566-4345-9524-9121a7fe18c1/element - {"using":"css selector","value":"#button1555"}
RESULT: {"using":"css selector","value":"#button1555"}
COMMAND: POST /session/2fd4b908-6566-4345-9524-9121a7fe18c1/element - {"using":"css selector","value":"#button1555"}
RESULT: {"using":"css selector","value":"#button1555"}
COMMAND: POST /session/2fd4b908-6566-4345-9524-9121a7fe18c1/element - {"using":"css selector","value":"#button1555"}
RESULT: {"using":"css selector","value":"#button1555"}
COMMAND: POST /session/2fd4b908-6566-4345-9524-9121a7fe18c1/element - {"using":"css selector","value":"#button1555"}
RESULT: {"using":"css selector","value":"#button1555"}
COMMAND: POST /session/2fd4b908-6566-4345-9524-9121a7fe18c1/element - {"using":"css selector","value":"#button1555"}
RESULT: {"using":"css selector","value":"#button1555"}
COMMAND: POST /session/2fd4b908-6566-4345-9524-9121a7fe18c1/element - {"using":"css selector","value":"#button1555"}
RESULT: {"using":"css selector","value":"#button1555"}
COMMAND: POST /session/2fd4b908-6566-4345-9524-9121a7fe18c1/element - {"using":"css selector","value":"#button1555"}
RESULT: {"using":"css selector","value":"#button1555"}
COMMAND: POST /session/2fd4b908-6566-4345-9524-9121a7fe18c1/element - {"using":"css selector","value":"#button1555"}
RESULT: {"using":"css selector","value":"#button1555"}
COMMAND: POST /session/2fd4b908-6566-4345-9524-9121a7fe18c1/element - {"using":"css selector","value":"#button1555"}
RESULT: {"using":"css selector","value":"#button1555"}
COMMAND: POST /session/2fd4b908-6566-4345-9524-9121a7fe18c1/element - {"using":"css selector","value":"#button1555"}
RESULT: {"using":"css selector","value":"#button1555"}
COMMAND: POST /session/2fd4b908-6566-4345-9524-9121a7fe18c1/element - {"using":"css selector","value":"#button1555"}
RESULT: {"using":"css selector","value":"#button1555"}
COMMAND: POST /session/2fd4b908-6566-4345-9524-9121a7fe18c1/element - {"using":"css selector","value":"#button1555"}
RESULT: {"using":"css selector","value":"#button1555"}
COMMAND: POST /session/2fd4b908-6566-4345-9524-9121a7fe18c1/element - {"using":"css selector","value":"#button1555"}
RESULT: {"using":"css selector","value":"#button1555"}
COMMAND: POST /session/2fd4b908-6566-4345-9524-9121a7fe18c1/element - {"using":"css selector","value":"#button1555"}
RESULT: {"using":"css selector","value":"#button1555"}
COMMAND: POST /session/2fd4b908-6566-4345-9524-9121a7fe18c1/element - {"using":"css selector","value":"#button1555"}
RESULT: {"using":"css selector","value":"#button1555"}
COMMAND: POST /session/2fd4b908-6566-4345-9524-9121a7fe18c1/element - {"using":"css selector","value":"#button1555"}
RESULT: {"using":"css selector","value":"#button1555"}
COMMAND: POST /session/2fd4b908-6566-4345-9524-9121a7fe18c1/element - {"using":"css selector","value":"#button1555"}
RESULT: {"using":"css selector","value":"#button1555"}
COMMAND: POST /session/2fd4b908-6566-4345-9524-9121a7fe18c1/element - {"using":"css selector","value":"#button1555"}
RESULT: {"using":"css selector","value":"#button1555"}
COMMAND: POST /session/2fd4b908-6566-4345-9524-9121a7fe18c1/element - {"using":"css selector","value":"#button1555"}
RESULT: {"using":"css selector","value":"#button1555"}
COMMAND: POST /session/2fd4b908-6566-4345-9524-9121a7fe18c1/element - {"using":"css selector","value":"#button1555"}
RESULT: {"using":"css selector","value":"#button1555"}
COMMAND: POST /session/2fd4b908-6566-4345-9524-9121a7fe18c1/element - {"using":"css selector","value":"#button1555"}
RESULT: {"using":"css selector","value":"#button1555"}
COMMAND: POST /session/2fd4b908-6566-4345-9524-9121a7fe18c1/element - {"using":"css selector","value":"#button1555"}
RESULT: {"using":"css selector","value":"#button1555"}
COMMAND: POST /session/2fd4b908-6566-4345-9524-9121a7fe18c1/element - {"using":"css selector","value":"#button1555"}
RESULT: {"using":"css selector","value":"#button1555"}
COMMAND: POST /session/2fd4b908-6566-4345-9524-9121a7fe18c1/element - {"using":"css selector","value":"#button1555"}
RESULT: {"using":"css selector","value":"#button1555"}
COMMAND: POST /session/2fd4b908-6566-4345-9524-9121a7fe18c1/element - {"using":"css selector","value":"#button1555"}
RESULT: {"using":"css selector","value":"#button1555"}
COMMAND: POST /session/2fd4b908-6566-4345-9524-9121a7fe18c1/element - {"using":"css selector","value":"#button1555"}
RESULT: {"using":"css selector","value":"#button1555"}
COMMAND: POST /session/2fd4b908-6566-4345-9524-9121a7fe18c1/element - {"using":"css selector","value":"#button1555"}
RESULT: {"using":"css selector","value":"#button1555"}
COMMAND: POST /session/2fd4b908-6566-4345-9524-9121a7fe18c1/element - {"using":"css selector","value":"#button1555"}
RESULT: {"using":"css selector","value":"#button1555"}
COMMAND: DELETE /session/2fd4b908-6566-4345-9524-9121a7fe18c1 - {}
COMMAND: POST /session/2fd4b908-6566-4345-9524-9121a7fe18c1/element - {"using":"css selector","value":"#button1555"}
RESULT: {}
]]></system-out>
      <system-err><![CDATA[
Error: Timeout of 20000ms exceeded. The execution in the test "Test that the button is clickable once the Ajax loader completes loading Attempt to click the button after 7 seconds" took too long. Try to reduce the run time or increase your timeout for test specs (https://webdriver.io/docs/timeouts.html). (C:\Users\ASUS\Documents\VS Code\WebDriverIO\test\specs\ajaxClickTest.js)
    at Test.Runnable._timeoutError (C:\Users\ASUS\Documents\VS Code\WebDriverIO\node_modules\mocha\lib\runnable.js:432:10)
    at Timeout.<anonymous> (C:\Users\ASUS\Documents\VS Code\WebDriverIO\node_modules\mocha\lib\runnable.js:244:24)
    at listOnTimeout (internal/timers.js:554:17)
    at processTimers (internal/timers.js:497:7)
]]></system-err>
    </testcase>
  </testsuite>
</testsuites>